[INFO] Error stacktraces are turned on.
[INFO] Scanning for projects...
[INFO] 
[INFO] -------------------< com.example:CG_CalcSimulation >--------------------
[INFO] Building CG_CalcSimulation 0.0.1-SNAPSHOT
[INFO]   from pom.xml
[INFO] --------------------------------[ jar ]---------------------------------
[WARNING] 6 problems were encountered while building the effective model for org.openjfx:javafx-controls:jar:17.0.6 during dependency collection step for project (use -X to see details)
[INFO] 
[INFO] --- clean:3.5.0:clean (default-clean) @ CG_CalcSimulation ---
[INFO] Deleting C:\Users\tetsu\Programming\app\CG_CalcSimulator\target
[INFO] 
[INFO] --- resources:3.3.1:resources (default-resources) @ CG_CalcSimulation ---
[INFO] Copying 1 resource from src\main\resources to target\classes
[INFO] Copying 12 resources from src\main\resources to target\classes
[INFO] 
[INFO] --- compiler:3.14.1:compile (default-compile) @ CG_CalcSimulation ---
[INFO] Recompiling the module because of changed source code.
[INFO] Compiling 31 source files with javac [debug parameters release 17] to target\classes
[INFO] -------------------------------------------------------------
[ERROR] COMPILATION ERROR : 
[INFO] -------------------------------------------------------------
[ERROR] /C:/Users/tetsu/Programming/app/CG_CalcSimulator/src/main/java/com/example/CG_CalcSimulation/matrix3/Matrix3.java:[2,21] パッケージorg.ejml.dataは存在しません
[ERROR] /C:/Users/tetsu/Programming/app/CG_CalcSimulator/src/main/java/com/example/CG_CalcSimulation/matrix3/Matrix3.java:[3,26] パッケージorg.ejml.dense.rowは存在しません
[ERROR] /C:/Users/tetsu/Programming/app/CG_CalcSimulator/src/main/java/com/example/CG_CalcSimulation/matrix3/Matrix3.java:[6,17] シンボルを見つけられません
  シンボル:   クラス DMatrixRMaj
  場所: クラス com.example.CG_CalcSimulation.matrix3.Matrix3
[ERROR] /C:/Users/tetsu/Programming/app/CG_CalcSimulator/src/main/java/com/example/CG_CalcSimulation/matrix3/Matrix3.java:[21,24] シンボルを見つけられません
  シンボル:   クラス DMatrixRMaj
  場所: クラス com.example.CG_CalcSimulation.matrix3.Matrix3
[ERROR] /C:/Users/tetsu/Programming/app/CG_CalcSimulator/src/main/java/com/example/CG_CalcSimulation/matrix3/Matrix3Util.java:[2,21] パッケージorg.ejml.dataは存在しません
[ERROR] /C:/Users/tetsu/Programming/app/CG_CalcSimulator/src/main/java/com/example/CG_CalcSimulation/matrix3/Matrix3Util.java:[3,26] パッケージorg.ejml.dense.rowは存在しません
[ERROR] /C:/Users/tetsu/Programming/app/CG_CalcSimulator/src/main/java/com/example/CG_CalcSimulation/matrix3/Matrix3.java:[12,35] シンボルを見つけられません
  シンボル:   クラス DMatrixRMaj
  場所: クラス com.example.CG_CalcSimulation.matrix3.Matrix3
[ERROR] /C:/Users/tetsu/Programming/app/CG_CalcSimulator/src/main/java/com/example/CG_CalcSimulation/matrix3/Matrix3.java:[30,17] シンボルを見つけられません
  シンボル:   クラス DMatrixRMaj
  場所: クラス com.example.CG_CalcSimulation.matrix3.Matrix3
[ERROR] /C:/Users/tetsu/Programming/app/CG_CalcSimulator/src/main/java/com/example/CG_CalcSimulation/matrix3/Matrix3.java:[30,42] シンボルを見つけられません
  シンボル:   クラス DMatrixRMaj
  場所: クラス com.example.CG_CalcSimulation.matrix3.Matrix3
[ERROR] /C:/Users/tetsu/Programming/app/CG_CalcSimulator/src/main/java/com/example/CG_CalcSimulation/matrix3/Matrix3.java:[34,17] シンボルを見つけられません
  シンボル:   変数 CommonOps_DDRM
  場所: クラス com.example.CG_CalcSimulation.matrix3.Matrix3
[ERROR] /C:/Users/tetsu/Programming/app/CG_CalcSimulator/src/main/java/com/example/CG_CalcSimulation/matrix3/Matrix3.java:[40,25] シンボルを見つけられません
  シンボル:   クラス DMatrixRMaj
  場所: クラス com.example.CG_CalcSimulation.matrix3.Matrix3
[ERROR] /C:/Users/tetsu/Programming/app/CG_CalcSimulator/src/main/java/com/example/CG_CalcSimulation/matrix3/Matrix3.java:[40,50] シンボルを見つけられません
  シンボル:   クラス DMatrixRMaj
  場所: クラス com.example.CG_CalcSimulation.matrix3.Matrix3
[ERROR] /C:/Users/tetsu/Programming/app/CG_CalcSimulator/src/main/java/com/example/CG_CalcSimulation/matrix3/Matrix3.java:[41,25] シンボルを見つけられません
  シンボル:   変数 CommonOps_DDRM
  場所: クラス com.example.CG_CalcSimulation.matrix3.Matrix3
[ERROR] /C:/Users/tetsu/Programming/app/CG_CalcSimulator/src/main/java/com/example/CG_CalcSimulation/matrix3/Matrix3Util.java:[20,17] シンボルを見つけられません
  シンボル:   クラス DMatrixRMaj
  場所: クラス com.example.CG_CalcSimulation.matrix3.Matrix3Util
[ERROR] /C:/Users/tetsu/Programming/app/CG_CalcSimulator/src/main/java/com/example/CG_CalcSimulation/matrix3/Matrix3Util.java:[20,34] シンボルを見つけられません
  シンボル:   変数 CommonOps_DDRM
  場所: クラス com.example.CG_CalcSimulation.matrix3.Matrix3Util
[ERROR] /C:/Users/tetsu/Programming/app/CG_CalcSimulator/src/main/java/com/example/CG_CalcSimulation/matrix3/Transform.java:[14,24] Matrix3の参照はあいまいです
  com.example.CG_CalcSimulation.matrix3.Matrix3のコンストラクタ Matrix3(double[][])とcom.example.CG_CalcSimulation.matrix3.Matrix3のコンストラクタ Matrix3(DMatrixRMaj)の両方が一致します
[ERROR] /C:/Users/tetsu/Programming/app/CG_CalcSimulator/src/main/java/com/example/CG_CalcSimulation/matrix3/Transform.java:[26,24] Matrix3の参照はあいまいです
  com.example.CG_CalcSimulation.matrix3.Matrix3のコンストラクタ Matrix3(double[][])とcom.example.CG_CalcSimulation.matrix3.Matrix3のコンストラクタ Matrix3(DMatrixRMaj)の両方が一致します
[ERROR] /C:/Users/tetsu/Programming/app/CG_CalcSimulator/src/main/java/com/example/CG_CalcSimulation/matrix3/Transform.java:[40,24] Matrix3の参照はあいまいです
  com.example.CG_CalcSimulation.matrix3.Matrix3のコンストラクタ Matrix3(double[][])とcom.example.CG_CalcSimulation.matrix3.Matrix3のコンストラクタ Matrix3(DMatrixRMaj)の両方が一致します
[ERROR] /C:/Users/tetsu/Programming/app/CG_CalcSimulator/src/main/java/com/example/CG_CalcSimulation/matrix3/Transform.java:[45,24] Matrix3の参照はあいまいです
  com.example.CG_CalcSimulation.matrix3.Matrix3のコンストラクタ Matrix3(double[][])とcom.example.CG_CalcSimulation.matrix3.Matrix3のコンストラクタ Matrix3(DMatrixRMaj)の両方が一致します
[INFO] 19 errors 
[INFO] -------------------------------------------------------------
[INFO] ------------------------------------------------------------------------
[INFO] BUILD FAILURE
[INFO] ------------------------------------------------------------------------
[INFO] Total time:  5.930 s
[INFO] Finished at: 2026-02-22T00:54:23+09:00
[INFO] ------------------------------------------------------------------------
[ERROR] Failed to execute goal org.apache.maven.plugins:maven-compiler-plugin:3.14.1:compile (default-compile) on project CG_CalcSimulation: Compilation failure: Compilation failure: 
[ERROR] /C:/Users/tetsu/Programming/app/CG_CalcSimulator/src/main/java/com/example/CG_CalcSimulation/matrix3/Matrix3.java:[2,21] パッケージorg.ejml.dataは存在しません
[ERROR] /C:/Users/tetsu/Programming/app/CG_CalcSimulator/src/main/java/com/example/CG_CalcSimulation/matrix3/Matrix3.java:[3,26] パッケージorg.ejml.dense.rowは存在しません
[ERROR] /C:/Users/tetsu/Programming/app/CG_CalcSimulator/src/main/java/com/example/CG_CalcSimulation/matrix3/Matrix3.java:[6,17] シンボルを見つけられません
[ERROR]   シンボル:   クラス DMatrixRMaj
[ERROR]   場所: クラス com.example.CG_CalcSimulation.matrix3.Matrix3
[ERROR] /C:/Users/tetsu/Programming/app/CG_CalcSimulator/src/main/java/com/example/CG_CalcSimulation/matrix3/Matrix3.java:[21,24] シンボルを見つけられません
[ERROR]   シンボル:   クラス DMatrixRMaj
[ERROR]   場所: クラス com.example.CG_CalcSimulation.matrix3.Matrix3
[ERROR] /C:/Users/tetsu/Programming/app/CG_CalcSimulator/src/main/java/com/example/CG_CalcSimulation/matrix3/Matrix3Util.java:[2,21] パッケージorg.ejml.dataは存在しません
[ERROR] /C:/Users/tetsu/Programming/app/CG_CalcSimulator/src/main/java/com/example/CG_CalcSimulation/matrix3/Matrix3Util.java:[3,26] パッケージorg.ejml.dense.rowは存在しません
[ERROR] /C:/Users/tetsu/Programming/app/CG_CalcSimulator/src/main/java/com/example/CG_CalcSimulation/matrix3/Matrix3.java:[12,35] シンボルを見つけられません
[ERROR]   シンボル:   クラス DMatrixRMaj
[ERROR]   場所: クラス com.example.CG_CalcSimulation.matrix3.Matrix3
[ERROR] /C:/Users/tetsu/Programming/app/CG_CalcSimulator/src/main/java/com/example/CG_CalcSimulation/matrix3/Matrix3.java:[30,17] シンボルを見つけられません
[ERROR]   シンボル:   クラス DMatrixRMaj
[ERROR]   場所: クラス com.example.CG_CalcSimulation.matrix3.Matrix3
[ERROR] /C:/Users/tetsu/Programming/app/CG_CalcSimulator/src/main/java/com/example/CG_CalcSimulation/matrix3/Matrix3.java:[30,42] シンボルを見つけられません
[ERROR]   シンボル:   クラス DMatrixRMaj
[ERROR]   場所: クラス com.example.CG_CalcSimulation.matrix3.Matrix3
[ERROR] /C:/Users/tetsu/Programming/app/CG_CalcSimulator/src/main/java/com/example/CG_CalcSimulation/matrix3/Matrix3.java:[34,17] シンボルを見つけられません
[ERROR]   シンボル:   変数 CommonOps_DDRM
[ERROR]   場所: クラス com.example.CG_CalcSimulation.matrix3.Matrix3
[ERROR] /C:/Users/tetsu/Programming/app/CG_CalcSimulator/src/main/java/com/example/CG_CalcSimulation/matrix3/Matrix3.java:[40,25] シンボルを見つけられません
[ERROR]   シンボル:   クラス DMatrixRMaj
[ERROR]   場所: クラス com.example.CG_CalcSimulation.matrix3.Matrix3
[ERROR] /C:/Users/tetsu/Programming/app/CG_CalcSimulator/src/main/java/com/example/CG_CalcSimulation/matrix3/Matrix3.java:[40,50] シンボルを見つけられません
[ERROR]   シンボル:   クラス DMatrixRMaj
[ERROR]   場所: クラス com.example.CG_CalcSimulation.matrix3.Matrix3
[ERROR] /C:/Users/tetsu/Programming/app/CG_CalcSimulator/src/main/java/com/example/CG_CalcSimulation/matrix3/Matrix3.java:[41,25] シンボルを見つけられません
[ERROR]   シンボル:   変数 CommonOps_DDRM
[ERROR]   場所: クラス com.example.CG_CalcSimulation.matrix3.Matrix3
[ERROR] /C:/Users/tetsu/Programming/app/CG_CalcSimulator/src/main/java/com/example/CG_CalcSimulation/matrix3/Matrix3Util.java:[20,17] シンボルを見つけられません
[ERROR]   シンボル:   クラス DMatrixRMaj
[ERROR]   場所: クラス com.example.CG_CalcSimulation.matrix3.Matrix3Util
[ERROR] /C:/Users/tetsu/Programming/app/CG_CalcSimulator/src/main/java/com/example/CG_CalcSimulation/matrix3/Matrix3Util.java:[20,34] シンボルを見つけられません
[ERROR]   シンボル:   変数 CommonOps_DDRM
[ERROR]   場所: クラス com.example.CG_CalcSimulation.matrix3.Matrix3Util
[ERROR] /C:/Users/tetsu/Programming/app/CG_CalcSimulator/src/main/java/com/example/CG_CalcSimulation/matrix3/Transform.java:[14,24] Matrix3の参照はあいまいです
[ERROR]   com.example.CG_CalcSimulation.matrix3.Matrix3のコンストラクタ Matrix3(double[][])とcom.example.CG_CalcSimulation.matrix3.Matrix3のコンストラクタ Matrix3(DMatrixRMaj)の両方が一致します
[ERROR] /C:/Users/tetsu/Programming/app/CG_CalcSimulator/src/main/java/com/example/CG_CalcSimulation/matrix3/Transform.java:[26,24] Matrix3の参照はあいまいです
[ERROR]   com.example.CG_CalcSimulation.matrix3.Matrix3のコンストラクタ Matrix3(double[][])とcom.example.CG_CalcSimulation.matrix3.Matrix3のコンストラクタ Matrix3(DMatrixRMaj)の両方が一致します
[ERROR] /C:/Users/tetsu/Programming/app/CG_CalcSimulator/src/main/java/com/example/CG_CalcSimulation/matrix3/Transform.java:[40,24] Matrix3の参照はあいまいです
[ERROR]   com.example.CG_CalcSimulation.matrix3.Matrix3のコンストラクタ Matrix3(double[][])とcom.example.CG_CalcSimulation.matrix3.Matrix3のコンストラクタ Matrix3(DMatrixRMaj)の両方が一致します
[ERROR] /C:/Users/tetsu/Programming/app/CG_CalcSimulator/src/main/java/com/example/CG_CalcSimulation/matrix3/Transform.java:[45,24] Matrix3の参照はあいまいです
[ERROR]   com.example.CG_CalcSimulation.matrix3.Matrix3のコンストラクタ Matrix3(double[][])とcom.example.CG_CalcSimulation.matrix3.Matrix3のコンストラクタ Matrix3(DMatrixRMaj)の両方が一致します
[ERROR] -> [Help 1]
org.apache.maven.lifecycle.LifecycleExecutionException: Failed to execute goal org.apache.maven.plugins:maven-compiler-plugin:3.14.1:compile (default-compile) on project CG_CalcSimulation: Compilation failure
    at org.apache.maven.lifecycle.internal.MojoExecutor.doExecute2 (MojoExecutor.java:333)
    at org.apache.maven.lifecycle.internal.MojoExecutor.doExecute (MojoExecutor.java:316)
    at org.apache.maven.lifecycle.internal.MojoExecutor.execute (MojoExecutor.java:212)
    at org.apache.maven.lifecycle.internal.MojoExecutor.execute (MojoExecutor.java:174)
    at org.apache.maven.lifecycle.internal.MojoExecutor.access$000 (MojoExecutor.java:75)
    at org.apache.maven.lifecycle.internal.MojoExecutor$1.run (MojoExecutor.java:162)
    at org.apache.maven.plugin.DefaultMojosExecutionStrategy.execute (DefaultMojosExecutionStrategy.java:39)
    at org.apache.maven.lifecycle.internal.MojoExecutor.execute (MojoExecutor.java:159)
    at org.apache.maven.lifecycle.internal.LifecycleModuleBuilder.buildProject (LifecycleModuleBuilder.java:105)
    at org.apache.maven.lifecycle.internal.LifecycleModuleBuilder.buildProject (LifecycleModuleBuilder.java:73)
    at org.apache.maven.lifecycle.internal.builder.singlethreaded.SingleThreadedBuilder.build (SingleThreadedBuilder.java:53)
    at org.apache.maven.lifecycle.internal.LifecycleStarter.execute (LifecycleStarter.java:118)
    at org.apache.maven.DefaultMaven.doExecute (DefaultMaven.java:261)
    at org.apache.maven.DefaultMaven.doExecute (DefaultMaven.java:173)
    at org.apache.maven.DefaultMaven.execute (DefaultMaven.java:101)
    at org.apache.maven.cli.MavenCli.execute (MavenCli.java:906)
    at org.apache.maven.cli.MavenCli.doMain (MavenCli.java:283)
    at org.apache.maven.cli.MavenCli.main (MavenCli.java:206)
    at jdk.internal.reflect.NativeMethodAccessorImpl.invoke0 (Native Method)
    at jdk.internal.reflect.NativeMethodAccessorImpl.invoke (NativeMethodAccessorImpl.java:77)
    at jdk.internal.reflect.DelegatingMethodAccessorImpl.invoke (DelegatingMethodAccessorImpl.java:43)
    at java.lang.reflect.Method.invoke (Method.java:569)
    at org.codehaus.plexus.classworlds.launcher.Launcher.launchEnhanced (Launcher.java:255)
    at org.codehaus.plexus.classworlds.launcher.Launcher.launch (Launcher.java:201)
    at org.codehaus.plexus.classworlds.launcher.Launcher.mainWithExitCode (Launcher.java:361)
    at org.codehaus.plexus.classworlds.launcher.Launcher.main (Launcher.java:314)
Caused by: org.apache.maven.plugin.compiler.CompilationFailureException: Compilation failure
    at org.apache.maven.plugin.compiler.AbstractCompilerMojo.executeReal (AbstractCompilerMojo.java:1318)
    at org.apache.maven.plugin.compiler.AbstractCompilerMojo.execute (AbstractCompilerMojo.java:708)
    at org.apache.maven.plugin.compiler.CompilerMojo.execute (CompilerMojo.java:235)
    at org.apache.maven.plugin.DefaultBuildPluginManager.executeMojo (DefaultBuildPluginManager.java:126)
    at org.apache.maven.lifecycle.internal.MojoExecutor.doExecute2 (MojoExecutor.java:328)
    at org.apache.maven.lifecycle.internal.MojoExecutor.doExecute (MojoExecutor.java:316)
    at org.apache.maven.lifecycle.internal.MojoExecutor.execute (MojoExecutor.java:212)
    at org.apache.maven.lifecycle.internal.MojoExecutor.execute (MojoExecutor.java:174)
    at org.apache.maven.lifecycle.internal.MojoExecutor.access$000 (MojoExecutor.java:75)
    at org.apache.maven.lifecycle.internal.MojoExecutor$1.run (MojoExecutor.java:162)
    at org.apache.maven.plugin.DefaultMojosExecutionStrategy.execute (DefaultMojosExecutionStrategy.java:39)
    at org.apache.maven.lifecycle.internal.MojoExecutor.execute (MojoExecutor.java:159)
    at org.apache.maven.lifecycle.internal.LifecycleModuleBuilder.buildProject (LifecycleModuleBuilder.java:105)
    at org.apache.maven.lifecycle.internal.LifecycleModuleBuilder.buildProject (LifecycleModuleBuilder.java:73)
    at org.apache.maven.lifecycle.internal.builder.singlethreaded.SingleThreadedBuilder.build (SingleThreadedBuilder.java:53)
    at org.apache.maven.lifecycle.internal.LifecycleStarter.execute (LifecycleStarter.java:118)
    at org.apache.maven.DefaultMaven.doExecute (DefaultMaven.java:261)
    at org.apache.maven.DefaultMaven.doExecute (DefaultMaven.java:173)
    at org.apache.maven.DefaultMaven.execute (DefaultMaven.java:101)
    at org.apache.maven.cli.MavenCli.execute (MavenCli.java:906)
    at org.apache.maven.cli.MavenCli.doMain (MavenCli.java:283)
    at org.apache.maven.cli.MavenCli.main (MavenCli.java:206)
    at jdk.internal.reflect.NativeMethodAccessorImpl.invoke0 (Native Method)
    at jdk.internal.reflect.NativeMethodAccessorImpl.invoke (NativeMethodAccessorImpl.java:77)
    at jdk.internal.reflect.DelegatingMethodAccessorImpl.invoke (DelegatingMethodAccessorImpl.java:43)
    at java.lang.reflect.Method.invoke (Method.java:569)
    at org.codehaus.plexus.classworlds.launcher.Launcher.launchEnhanced (Launcher.java:255)
    at org.codehaus.plexus.classworlds.launcher.Launcher.launch (Launcher.java:201)
    at org.codehaus.plexus.classworlds.launcher.Launcher.mainWithExitCode (Launcher.java:361)
    at org.codehaus.plexus.classworlds.launcher.Launcher.main (Launcher.java:314)
[ERROR] 
[ERROR] Re-run Maven using the -X switch to enable full debug logging.
[ERROR] 
[ERROR] For more information about the errors and possible solutions, please read the following articles:
[ERROR] [Help 1] http://cwiki.apache.org/confluence/display/MAVEN/MojoFailureException
